{"total": {"lines":{"total":871,"covered":864,"skipped":0,"pct":99.19},"statements":{"total":1000,"covered":990,"skipped":0,"pct":99},"functions":{"total":126,"covered":123,"skipped":0,"pct":97.61},"branches":{"total":540,"covered":530,"skipped":0,"pct":98.14},"branchesTrue":{"total":0,"covered":0,"skipped":0,"pct":100}}
,"C:\\Users\\Rebecca\\Documents\\Rebecca\\School\\uni\\3.1-SoftwareEng\\PeerPort-Backend\\src\\Controllers\\AssignmentController.ts": {"lines":{"total":154,"covered":153,"skipped":0,"pct":99.35},"functions":{"total":14,"covered":14,"skipped":0,"pct":100},"statements":{"total":171,"covered":170,"skipped":0,"pct":99.41},"branches":{"total":108,"covered":107,"skipped":0,"pct":99.07}}
,"C:\\Users\\Rebecca\\Documents\\Rebecca\\School\\uni\\3.1-SoftwareEng\\PeerPort-Backend\\src\\Controllers\\CourseController.ts": {"lines":{"total":168,"covered":168,"skipped":0,"pct":100},"functions":{"total":15,"covered":15,"skipped":0,"pct":100},"statements":{"total":193,"covered":193,"skipped":0,"pct":100},"branches":{"total":151,"covered":150,"skipped":0,"pct":99.33}}
,"C:\\Users\\Rebecca\\Documents\\Rebecca\\School\\uni\\3.1-SoftwareEng\\PeerPort-Backend\\src\\Controllers\\GradeController.ts": {"lines":{"total":227,"covered":226,"skipped":0,"pct":99.55},"functions":{"total":21,"covered":20,"skipped":0,"pct":95.23},"statements":{"total":248,"covered":246,"skipped":0,"pct":99.19},"branches":{"total":146,"covered":142,"skipped":0,"pct":97.26}}
,"C:\\Users\\Rebecca\\Documents\\Rebecca\\School\\uni\\3.1-SoftwareEng\\PeerPort-Backend\\src\\Controllers\\SubmissionController.ts": {"lines":{"total":31,"covered":26,"skipped":0,"pct":83.87},"functions":{"total":6,"covered":4,"skipped":0,"pct":66.66},"statements":{"total":35,"covered":28,"skipped":0,"pct":80},"branches":{"total":10,"covered":8,"skipped":0,"pct":80}}
,"C:\\Users\\Rebecca\\Documents\\Rebecca\\School\\uni\\3.1-SoftwareEng\\PeerPort-Backend\\src\\Controllers\\UserController.ts": {"lines":{"total":143,"covered":143,"skipped":0,"pct":100},"functions":{"total":16,"covered":16,"skipped":0,"pct":100},"statements":{"total":162,"covered":162,"skipped":0,"pct":100},"branches":{"total":125,"covered":123,"skipped":0,"pct":98.4}}
,"C:\\Users\\Rebecca\\Documents\\Rebecca\\School\\uni\\3.1-SoftwareEng\\PeerPort-Backend\\src\\Database\\entities\\AssignmentSubmissions.ts": {"lines":{"total":14,"covered":14,"skipped":0,"pct":100},"functions":{"total":6,"covered":6,"skipped":0,"pct":100},"statements":{"total":19,"covered":19,"skipped":0,"pct":100},"branches":{"total":0,"covered":0,"skipped":0,"pct":100}}
,"C:\\Users\\Rebecca\\Documents\\Rebecca\\School\\uni\\3.1-SoftwareEng\\PeerPort-Backend\\src\\Database\\entities\\Assignments.ts": {"lines":{"total":15,"covered":15,"skipped":0,"pct":100},"functions":{"total":6,"covered":6,"skipped":0,"pct":100},"statements":{"total":20,"covered":20,"skipped":0,"pct":100},"branches":{"total":0,"covered":0,"skipped":0,"pct":100}}
,"C:\\Users\\Rebecca\\Documents\\Rebecca\\School\\uni\\3.1-SoftwareEng\\PeerPort-Backend\\src\\Database\\entities\\Content.ts": {"lines":{"total":16,"covered":16,"skipped":0,"pct":100},"functions":{"total":7,"covered":7,"skipped":0,"pct":100},"statements":{"total":21,"covered":21,"skipped":0,"pct":100},"branches":{"total":0,"covered":0,"skipped":0,"pct":100}}
,"C:\\Users\\Rebecca\\Documents\\Rebecca\\School\\uni\\3.1-SoftwareEng\\PeerPort-Backend\\src\\Database\\entities\\Course.ts": {"lines":{"total":21,"covered":21,"skipped":0,"pct":100},"functions":{"total":8,"covered":8,"skipped":0,"pct":100},"statements":{"total":27,"covered":27,"skipped":0,"pct":100},"branches":{"total":0,"covered":0,"skipped":0,"pct":100}}
,"C:\\Users\\Rebecca\\Documents\\Rebecca\\School\\uni\\3.1-SoftwareEng\\PeerPort-Backend\\src\\Database\\entities\\Files.ts": {"lines":{"total":16,"covered":16,"skipped":0,"pct":100},"functions":{"total":7,"covered":7,"skipped":0,"pct":100},"statements":{"total":21,"covered":21,"skipped":0,"pct":100},"branches":{"total":0,"covered":0,"skipped":0,"pct":100}}
,"C:\\Users\\Rebecca\\Documents\\Rebecca\\School\\uni\\3.1-SoftwareEng\\PeerPort-Backend\\src\\Database\\entities\\Grade.ts": {"lines":{"total":18,"covered":18,"skipped":0,"pct":100},"functions":{"total":5,"covered":5,"skipped":0,"pct":100},"statements":{"total":22,"covered":22,"skipped":0,"pct":100},"branches":{"total":0,"covered":0,"skipped":0,"pct":100}}
,"C:\\Users\\Rebecca\\Documents\\Rebecca\\School\\uni\\3.1-SoftwareEng\\PeerPort-Backend\\src\\Database\\entities\\Role.ts": {"lines":{"total":7,"covered":7,"skipped":0,"pct":100},"functions":{"total":2,"covered":2,"skipped":0,"pct":100},"statements":{"total":10,"covered":10,"skipped":0,"pct":100},"branches":{"total":0,"covered":0,"skipped":0,"pct":100}}
,"C:\\Users\\Rebecca\\Documents\\Rebecca\\School\\uni\\3.1-SoftwareEng\\PeerPort-Backend\\src\\Database\\entities\\User.ts": {"lines":{"total":19,"covered":19,"skipped":0,"pct":100},"functions":{"total":8,"covered":8,"skipped":0,"pct":100},"statements":{"total":25,"covered":25,"skipped":0,"pct":100},"branches":{"total":0,"covered":0,"skipped":0,"pct":100}}
,"C:\\Users\\Rebecca\\Documents\\Rebecca\\School\\uni\\3.1-SoftwareEng\\PeerPort-Backend\\src\\Database\\entities\\UsersToCourses.ts": {"lines":{"total":11,"covered":11,"skipped":0,"pct":100},"functions":{"total":5,"covered":5,"skipped":0,"pct":100},"statements":{"total":15,"covered":15,"skipped":0,"pct":100},"branches":{"total":0,"covered":0,"skipped":0,"pct":100}}
,"C:\\Users\\Rebecca\\Documents\\Rebecca\\School\\uni\\3.1-SoftwareEng\\PeerPort-Backend\\src\\Tests\\test-data-source.ts": {"lines":{"total":11,"covered":11,"skipped":0,"pct":100},"functions":{"total":0,"covered":0,"skipped":0,"pct":100},"statements":{"total":11,"covered":11,"skipped":0,"pct":100},"branches":{"total":0,"covered":0,"skipped":0,"pct":100}}
}
